0 verbose cli C:\Program Files\nodejs\node.exe C:\Program Files\nodejs\node_modules\npm\bin\npm-cli.js
1 info using npm@10.8.1
2 info using node@v22.3.0
3 silly config load:file:C:\Program Files\nodejs\node_modules\npm\npmrc
4 silly config load:file:E:\password-manager-clerk\.npmrc
5 silly config load:file:C:\Users\saadr\.npmrc
6 silly config load:file:C:\Users\saadr\AppData\Roaming\npm\etc\npmrc
7 verbose title npm install @prisma/client
8 verbose argv "install" "@prisma/client"
9 verbose logfile logs-max:10 dir:E:\password-manager-clerk\%APPDATA%\npm-cache\_logs\2024-10-17T18_06_55_427Z-
10 verbose logfile E:\password-manager-clerk\%APPDATA%\npm-cache\_logs\2024-10-17T18_06_55_427Z-debug-0.log
11 silly packumentCache heap:4345298944 maxSize:1086324736 maxEntrySize:543162368
12 silly logfile done cleaning log files
13 silly idealTree buildDeps
14 silly fetch manifest @prisma/client@^5.20.0
15 silly packumentCache full:https://registry.npmjs.org/@prisma%2fclient cache-miss
16 http fetch GET 200 https://registry.npmjs.org/@prisma%2fclient 964ms (cache revalidated)
17 silly packumentCache full:https://registry.npmjs.org/@prisma%2fclient set size:52329467 disposed:false
18 silly fetch manifest prisma@^5.21.1
19 silly packumentCache full:https://registry.npmjs.org/prisma cache-miss
20 http fetch GET 200 https://registry.npmjs.org/prisma 73ms (cache hit)
21 silly packumentCache full:https://registry.npmjs.org/prisma set size:34431449 disposed:false
22 silly placeDep ROOT @prisma/client@5.21.1 REPLACE for: password-manager-clerk@0.1.0 want: ^5.20.0
23 silly reify moves {}
24 silly audit bulk request {
24 silly audit   '@alloc/quick-lru': [ '5.2.0' ],
24 silly audit   '@clerk/backend': [ '1.14.1' ],
24 silly audit   '@clerk/clerk-react': [ '5.12.0' ],
24 silly audit   '@clerk/nextjs': [ '5.7.5' ],
24 silly audit   '@clerk/shared': [ '2.9.2' ],
24 silly audit   '@clerk/types': [ '4.26.0' ],
24 silly audit   '@eslint-community/eslint-utils': [ '4.4.0' ],
24 silly audit   '@eslint-community/regexpp': [ '4.11.1' ],
24 silly audit   '@eslint/eslintrc': [ '2.1.4' ],
24 silly audit   '@eslint/js': [ '8.57.1' ],
24 silly audit   '@hookform/resolvers': [ '3.9.0' ],
24 silly audit   '@humanwhocodes/config-array': [ '0.13.0' ],
24 silly audit   '@humanwhocodes/module-importer': [ '1.0.1' ],
24 silly audit   '@humanwhocodes/object-schema': [ '2.0.3' ],
24 silly audit   '@isaacs/cliui': [ '8.0.2' ],
24 silly audit   'ansi-regex': [ '6.1.0', '5.0.1' ],
24 silly audit   'strip-ansi': [ '7.1.0', '6.0.1' ],
24 silly audit   '@jridgewell/gen-mapping': [ '0.3.5' ],
24 silly audit   '@jridgewell/resolve-uri': [ '3.1.2' ],
24 silly audit   '@jridgewell/set-array': [ '1.2.1' ],
24 silly audit   '@jridgewell/sourcemap-codec': [ '1.5.0' ],
24 silly audit   '@jridgewell/trace-mapping': [ '0.3.25' ],
24 silly audit   '@next/env': [ '14.2.15' ],
24 silly audit   '@next/eslint-plugin-next': [ '14.2.15' ],
24 silly audit   '@next/swc-darwin-arm64': [ '14.2.15' ],
24 silly audit   '@next/swc-darwin-x64': [ '14.2.15' ],
24 silly audit   '@next/swc-linux-arm64-gnu': [ '14.2.15' ],
24 silly audit   '@next/swc-linux-arm64-musl': [ '14.2.15' ],
24 silly audit   '@next/swc-linux-x64-gnu': [ '14.2.15' ],
24 silly audit   '@next/swc-linux-x64-musl': [ '14.2.15' ],
24 silly audit   '@next/swc-win32-arm64-msvc': [ '14.2.15' ],
24 silly audit   '@next/swc-win32-ia32-msvc': [ '14.2.15' ],
24 silly audit   '@next/swc-win32-x64-msvc': [ '14.2.15' ],
24 silly audit   '@nodelib/fs.scandir': [ '2.1.5' ],
24 silly audit   '@nodelib/fs.stat': [ '2.0.5' ],
24 silly audit   '@nodelib/fs.walk': [ '1.2.8' ],
24 silly audit   '@nolyfill/is-core-module': [ '1.0.39' ],
24 silly audit   '@pkgjs/parseargs': [ '0.11.0' ],
24 silly audit   '@prisma/debug': [ '5.21.1' ],
24 silly audit   '@prisma/engines': [ '5.21.1' ],
24 silly audit   '@prisma/engines-version': [ '5.21.1-1.bf0e5e8a04cada8225617067eaa03d041e2bba36' ],
24 silly audit   '@prisma/fetch-engine': [ '5.21.1' ],
24 silly audit   '@prisma/get-platform': [ '5.21.1' ],
24 silly audit   '@radix-ui/primitive': [ '1.1.0' ],
24 silly audit   '@radix-ui/react-avatar': [ '1.1.1' ],
24 silly audit   '@radix-ui/react-collection': [ '1.1.0' ],
24 silly audit   '@radix-ui/react-context': [ '1.1.0', '1.1.1' ],
24 silly audit   '@radix-ui/react-compose-refs': [ '1.1.0' ],
24 silly audit   '@radix-ui/react-dismissable-layer': [ '1.1.1' ],
24 silly audit   '@radix-ui/react-icons': [ '1.3.0' ],
24 silly audit   '@radix-ui/react-label': [ '2.1.0' ],
24 silly audit   '@radix-ui/react-portal': [ '1.1.2' ],
24 silly audit   '@radix-ui/react-presence': [ '1.1.1' ],
24 silly audit   '@radix-ui/react-primitive': [ '2.0.0' ],
24 silly audit   '@radix-ui/react-slot': [ '1.1.0' ],
24 silly audit   '@radix-ui/react-toast': [ '1.2.2' ],
24 silly audit   '@radix-ui/react-use-callback-ref': [ '1.1.0' ],
24 silly audit   '@radix-ui/react-use-controllable-state': [ '1.1.0' ],
24 silly audit   '@radix-ui/react-use-escape-keydown': [ '1.1.0' ],
24 silly audit   '@radix-ui/react-use-layout-effect': [ '1.1.0' ],
24 silly audit   '@radix-ui/react-visually-hidden': [ '1.1.0' ],
24 silly audit   '@rtsao/scc': [ '1.1.0' ],
24 silly audit   '@rushstack/eslint-patch': [ '1.10.4' ],
24 silly audit   '@swc/counter': [ '0.1.3' ],
24 silly audit   '@swc/helpers': [ '0.5.5' ],
24 silly audit   '@types/json5': [ '0.0.29' ],
24 silly audit   '@types/node': [ '20.16.12' ],
24 silly audit   '@types/node-forge': [ '1.3.11' ],
24 silly audit   '@types/prop-types': [ '15.7.13' ],
24 silly audit   '@types/react': [ '18.3.11' ],
24 silly audit   '@types/react-dom': [ '18.3.1' ],
24 silly audit   '@typescript-eslint/eslint-plugin': [ '8.10.0' ],
24 silly audit   '@typescript-eslint/parser': [ '8.10.0' ],
24 silly audit   '@typescript-eslint/scope-manager': [ '8.10.0' ],
24 silly audit   '@typescript-eslint/type-utils': [ '8.10.0' ],
24 silly audit   '@typescript-eslint/types': [ '8.10.0' ],
24 silly audit   '@typescript-eslint/typescript-estree': [ '8.10.0' ],
24 silly audit   'brace-expansion': [ '2.0.1', '1.1.11' ],
24 silly audit   minimatch: [ '9.0.5', '3.1.2' ],
24 silly audit   '@typescript-eslint/utils': [ '8.10.0' ],
24 silly audit   '@typescript-eslint/visitor-keys': [ '8.10.0' ],
24 silly audit   '@ungap/structured-clone': [ '1.2.0' ],
24 silly audit   acorn: [ '8.13.0' ],
24 silly audit   'acorn-jsx': [ '5.3.2' ],
24 silly audit   ajv: [ '6.12.6' ],
24 silly audit   'ansi-styles': [ '4.3.0', '6.2.1' ],
24 silly audit   'any-promise': [ '1.3.0' ],
24 silly audit   anymatch: [ '3.1.3' ],
24 silly audit   arg: [ '5.0.2' ],
24 silly audit   argparse: [ '2.0.1' ],
24 silly audit   'aria-query': [ '5.1.3' ],
24 silly audit   'array-buffer-byte-length': [ '1.0.1' ],
24 silly audit   'array-includes': [ '3.1.8' ],
24 silly audit   'array.prototype.findlast': [ '1.2.5' ],
24 silly audit   'array.prototype.findlastindex': [ '1.2.5' ],
24 silly audit   'array.prototype.flat': [ '1.3.2' ],
24 silly audit   'array.prototype.flatmap': [ '1.3.2' ],
24 silly audit   'array.prototype.tosorted': [ '1.1.4' ],
24 silly audit   'arraybuffer.prototype.slice': [ '1.0.3' ],
24 silly audit   'ast-types-flow': [ '0.0.8' ],
24 silly audit   'available-typed-arrays': [ '1.0.7' ],
24 silly audit   'axe-core': [ '4.10.1' ],
24 silly audit   'axobject-query': [ '4.1.0' ],
24 silly audit   'balanced-match': [ '1.0.2' ],
24 silly audit   'binary-extensions': [ '2.3.0' ],
24 silly audit   braces: [ '3.0.3' ],
24 silly audit   busboy: [ '1.6.0' ],
24 silly audit   'call-bind': [ '1.0.7' ],
24 silly audit   callsites: [ '3.1.0' ],
24 silly audit   'camelcase-css': [ '2.0.1' ],
24 silly audit   'caniuse-lite': [ '1.0.30001669' ],
24 silly audit   chalk: [ '4.1.2' ],
24 silly audit   chokidar: [ '3.6.0' ],
24 silly audit   'glob-parent': [ '5.1.2', '6.0.2' ],
24 silly audit   'class-variance-authority': [ '0.7.0' ],
24 silly audit   clsx: [ '2.0.0', '2.1.1' ],
24 silly audit   'client-only': [ '0.0.1' ],
24 silly audit   'color-convert': [ '2.0.1' ],
24 silly audit   'color-name': [ '1.1.4' ],
24 silly audit   commander: [ '4.1.1' ],
24 silly audit   'concat-map': [ '0.0.1' ],
24 silly audit   cookie: [ '0.7.0' ],
24 silly audit   'cross-spawn': [ '7.0.3' ],
24 silly audit   'crypto-js': [ '4.2.0' ],
24 silly audit   cssesc: [ '3.0.0' ],
24 silly audit   csstype: [ '3.1.1' ],
24 silly audit   'damerau-levenshtein': [ '1.0.8' ],
24 silly audit   'data-view-buffer': [ '1.0.1' ],
24 silly audit   'data-view-byte-length': [ '1.0.1' ],
24 silly audit   'data-view-byte-offset': [ '1.0.0' ],
24 silly audit   debug: [ '4.3.7', '3.2.7' ],
24 silly audit   'deep-equal': [ '2.2.3' ],
24 silly audit   'deep-is': [ '0.1.4' ],
24 silly audit   'define-data-property': [ '1.1.4' ],
24 silly audit   'define-properties': [ '1.2.1' ],
24 silly audit   didyoumean: [ '1.2.2' ],
24 silly audit   dlv: [ '1.1.3' ],
24 silly audit   doctrine: [ '3.0.0', '2.1.0' ],
24 silly audit   'dot-case': [ '3.0.4' ],
24 silly audit   eastasianwidth: [ '0.2.0' ],
24 silly audit   'emoji-regex': [ '9.2.2', '8.0.0' ],
24 silly audit   'enhanced-resolve': [ '5.17.1' ],
24 silly audit   'es-abstract': [ '1.23.3' ],
24 silly audit   'es-define-property': [ '1.0.0' ],
24 silly audit   'es-errors': [ '1.3.0' ],
24 silly audit   'es-get-iterator': [ '1.1.3' ],
24 silly audit   'es-iterator-helpers': [ '1.1.0' ],
24 silly audit   'es-object-atoms': [ '1.0.0' ],
24 silly audit   'es-set-tostringtag': [ '2.0.3' ],
24 silly audit   'es-shim-unscopables': [ '1.0.2' ],
24 silly audit   'es-to-primitive': [ '1.2.1' ],
24 silly audit   'escape-string-regexp': [ '4.0.0' ],
24 silly audit   eslint: [ '8.57.1' ],
24 silly audit   'eslint-config-next': [ '14.2.15' ],
24 silly audit   'eslint-import-resolver-node': [ '0.3.9' ],
24 silly audit   'eslint-import-resolver-typescript': [ '3.6.3' ],
24 silly audit   'eslint-module-utils': [ '2.12.0' ],
24 silly audit   'eslint-plugin-import': [ '2.31.0' ],
24 silly audit   semver: [ '6.3.1', '7.6.3' ],
24 silly audit   'eslint-plugin-jsx-a11y': [ '6.10.0' ],
24 silly audit   'eslint-plugin-react': [ '7.37.1' ],
24 silly audit   'eslint-plugin-react-hooks': [ '5.0.0-canary-7118f5dd7-20230705' ],
24 silly audit   resolve: [ '2.0.0-next.5', '1.22.8' ],
24 silly audit   'eslint-scope': [ '7.2.2' ],
24 silly audit   'eslint-visitor-keys': [ '3.4.3' ],
24 silly audit   espree: [ '9.6.1' ],
24 silly audit   esquery: [ '1.6.0' ],
24 silly audit   esrecurse: [ '4.3.0' ],
24 silly audit   estraverse: [ '5.3.0' ],
24 silly audit   esutils: [ '2.0.3' ],
24 silly audit   'fast-deep-equal': [ '3.1.3' ],
24 silly audit   'fast-glob': [ '3.3.2' ],
24 silly audit   'fast-json-stable-stringify': [ '2.1.0' ],
24 silly audit   'fast-levenshtein': [ '2.0.6' ],
24 silly audit   fastq: [ '1.17.1' ],
24 silly audit   'file-entry-cache': [ '6.0.1' ],
24 silly audit   'fill-range': [ '7.1.1' ],
24 silly audit   'find-up': [ '5.0.0' ],
24 silly audit   'flat-cache': [ '3.2.0' ],
24 silly audit   flatted: [ '3.3.1' ],
24 silly audit   'for-each': [ '0.3.3' ],
24 silly audit   'foreground-child': [ '3.3.0' ],
24 silly audit   'fs.realpath': [ '1.0.0' ],
24 silly audit   fsevents: [ '2.3.3' ],
24 silly audit   'function-bind': [ '1.1.2' ],
24 silly audit   'function.prototype.name': [ '1.1.6' ],
24 silly audit   'functions-have-names': [ '1.2.3' ],
24 silly audit   'get-intrinsic': [ '1.2.4' ],
24 silly audit   'get-symbol-description': [ '1.0.2' ],
24 silly audit   'get-tsconfig': [ '4.8.1' ],
24 silly audit   glob: [ '10.3.10', '7.2.3' ],
24 silly audit   'glob-to-regexp': [ '0.4.1' ],
24 silly audit   globals: [ '13.24.0' ],
24 silly audit   globalthis: [ '1.0.4' ],
24 silly audit   gopd: [ '1.0.1' ],
24 silly audit   'graceful-fs': [ '4.2.11' ],
24 silly audit   graphemer: [ '1.4.0' ],
24 silly audit   'has-bigints': [ '1.0.2' ],
24 silly audit   'has-flag': [ '4.0.0' ],
24 silly audit   'has-property-descriptors': [ '1.0.2' ],
24 silly audit   'has-proto': [ '1.0.3' ],
24 silly audit   'has-symbols': [ '1.0.3' ],
24 silly audit   'has-tostringtag': [ '1.0.2' ],
24 silly audit   hasown: [ '2.0.2' ],
24 silly audit   ignore: [ '5.3.2' ],
24 silly audit   'import-fresh': [ '3.3.0' ],
24 silly audit   imurmurhash: [ '0.1.4' ],
24 silly audit   inflight: [ '1.0.6' ],
24 silly audit   inherits: [ '2.0.4' ],
24 silly audit   'input-otp': [ '1.2.4' ],
24 silly audit   'internal-slot': [ '1.0.7' ],
24 silly audit   'is-arguments': [ '1.1.1' ],
24 silly audit   'is-array-buffer': [ '3.0.4' ],
24 silly audit   'is-async-function': [ '2.0.0' ],
24 silly audit   'is-bigint': [ '1.0.4' ],
24 silly audit   'is-binary-path': [ '2.1.0' ],
24 silly audit   'is-boolean-object': [ '1.1.2' ],
24 silly audit   'is-bun-module': [ '1.2.1' ],
24 silly audit   'is-callable': [ '1.2.7' ],
24 silly audit   'is-core-module': [ '2.15.1' ],
24 silly audit   'is-data-view': [ '1.0.1' ],
24 silly audit   'is-date-object': [ '1.0.5' ],
24 silly audit   'is-extglob': [ '2.1.1' ],
24 silly audit   'is-finalizationregistry': [ '1.0.2' ],
24 silly audit   'is-fullwidth-code-point': [ '3.0.0' ],
24 silly audit   'is-generator-function': [ '1.0.10' ],
24 silly audit   'is-glob': [ '4.0.3' ],
24 silly audit   'is-map': [ '2.0.3' ],
24 silly audit   'is-negative-zero': [ '2.0.3' ],
24 silly audit   'is-number': [ '7.0.0' ],
24 silly audit   'is-number-object': [ '1.0.7' ],
24 silly audit   'is-path-inside': [ '3.0.3' ],
24 silly audit   'is-regex': [ '1.1.4' ],
24 silly audit   'is-set': [ '2.0.3' ],
24 silly audit   'is-shared-array-buffer': [ '1.0.3' ],
24 silly audit   'is-string': [ '1.0.7' ],
24 silly audit   'is-symbol': [ '1.0.4' ],
24 silly audit   'is-typed-array': [ '1.1.13' ],
24 silly audit   'is-weakmap': [ '2.0.2' ],
24 silly audit   'is-weakref': [ '1.0.2' ],
24 silly audit   'is-weakset': [ '2.0.3' ],
24 silly audit   isarray: [ '2.0.5' ],
24 silly audit   isexe: [ '2.0.0' ],
24 silly audit   'iterator.prototype': [ '1.1.3' ],
24 silly audit   jackspeak: [ '2.3.6' ],
24 silly audit   jiti: [ '1.21.6' ],
24 silly audit   'js-cookie': [ '3.0.5' ],
24 silly audit   'js-tokens': [ '4.0.0' ],
24 silly audit   'js-yaml': [ '4.1.0' ],
24 silly audit   'json-buffer': [ '3.0.1' ],
24 silly audit   'json-schema-traverse': [ '0.4.1' ],
24 silly audit   'json-stable-stringify-without-jsonify': [ '1.0.1' ],
24 silly audit   json5: [ '1.0.2' ],
24 silly audit   'jsx-ast-utils': [ '3.3.5' ],
24 silly audit   keyv: [ '4.5.4' ],
24 silly audit   'language-subtag-registry': [ '0.3.23' ],
24 silly audit   'language-tags': [ '1.0.9' ],
24 silly audit   levn: [ '0.4.1' ],
24 silly audit   lilconfig: [ '2.1.0', '3.1.2' ],
24 silly audit   'lines-and-columns': [ '1.2.4' ],
24 silly audit   'locate-path': [ '6.0.0' ],
24 silly audit   'lodash.merge': [ '4.6.2' ],
24 silly audit   'loose-envify': [ '1.4.0' ],
24 silly audit   'lower-case': [ '2.0.2' ],
24 silly audit   'lru-cache': [ '10.4.3' ],
24 silly audit   'lucide-react': [ '0.451.0' ],
24 silly audit   'map-obj': [ '4.3.0' ],
24 silly audit   merge2: [ '1.4.1' ],
24 silly audit   micromatch: [ '4.0.8' ],
24 silly audit   minimist: [ '1.2.8' ],
24 silly audit   minipass: [ '7.1.2' ],
24 silly audit   ms: [ '2.1.3' ],
24 silly audit   mz: [ '2.7.0' ],
24 silly audit   nanoid: [ '3.3.7' ],
24 silly audit   'natural-compare': [ '1.4.0' ],
24 silly audit   next: [ '14.2.15' ],
24 silly audit   'next-themes': [ '0.3.0' ],
24 silly audit   postcss: [ '8.4.31', '8.4.47' ],
24 silly audit   'no-case': [ '3.0.4' ],
24 silly audit   'node-forge': [ '1.3.1' ],
24 silly audit   'normalize-path': [ '3.0.0' ],
24 silly audit   'object-assign': [ '4.1.1' ],
24 silly audit   'object-hash': [ '3.0.0' ],
24 silly audit   'object-inspect': [ '1.13.2' ],
24 silly audit   'object-is': [ '1.1.6' ],
24 silly audit   'object-keys': [ '1.1.1' ],
24 silly audit   'object.assign': [ '4.1.5' ],
24 silly audit   'object.entries': [ '1.1.8' ],
24 silly audit   'object.fromentries': [ '2.0.8' ],
24 silly audit   'object.groupby': [ '1.0.3' ],
24 silly audit   'object.values': [ '1.2.0' ],
24 silly audit   once: [ '1.4.0' ],
24 silly audit   optionator: [ '0.9.4' ],
24 silly audit   'p-limit': [ '3.1.0' ],
24 silly audit   'p-locate': [ '5.0.0' ],
24 silly audit   'parent-module': [ '1.0.1' ],
24 silly audit   'path-exists': [ '4.0.0' ],
24 silly audit   'path-is-absolute': [ '1.0.1' ],
24 silly audit   'path-key': [ '3.1.1' ],
24 silly audit   'path-parse': [ '1.0.7' ],
24 silly audit   'path-scurry': [ '1.11.1' ],
24 silly audit   picocolors: [ '1.1.1' ],
24 silly audit   picomatch: [ '2.3.1' ],
24 silly audit   pify: [ '2.3.0' ],
24 silly audit   pirates: [ '4.0.6' ],
24 silly audit   'possible-typed-array-names': [ '1.0.0' ],
24 silly audit   'postcss-import': [ '15.1.0' ],
24 silly audit   'postcss-js': [ '4.0.1' ],
24 silly audit   'postcss-load-config': [ '4.0.2' ],
24 silly audit   'postcss-nested': [ '6.2.0' ],
24 silly audit   'postcss-selector-parser': [ '6.1.2' ],
24 silly audit   'postcss-value-parser': [ '4.2.0' ],
24 silly audit   'prelude-ls': [ '1.2.1' ],
24 silly audit   prisma: [ '5.21.1' ],
24 silly audit   'prop-types': [ '15.8.1' ],
24 silly audit   punycode: [ '2.3.1' ],
24 silly audit   'queue-microtask': [ '1.2.3' ],
24 silly audit   react: [ '18.3.1' ],
24 silly audit   'react-dom': [ '18.3.1' ],
24 silly audit   'react-hook-form': [ '7.53.0' ],
24 silly audit   'react-is': [ '16.13.1' ],
24 silly audit   'read-cache': [ '1.0.0' ],
24 silly audit   readdirp: [ '3.6.0' ],
24 silly audit   'reflect.getprototypeof': [ '1.0.6' ],
24 silly audit   'regexp.prototype.flags': [ '1.5.3' ],
24 silly audit   'resolve-from': [ '4.0.0' ],
24 silly audit   'resolve-pkg-maps': [ '1.0.0' ],
24 silly audit   reusify: [ '1.0.4' ],
24 silly audit   rimraf: [ '3.0.2' ],
24 silly audit   'run-parallel': [ '1.2.0' ],
24 silly audit   'safe-array-concat': [ '1.1.2' ],
24 silly audit   'safe-regex-test': [ '1.0.3' ],
24 silly audit   scheduler: [ '0.23.2' ],
24 silly audit   'server-only': [ '0.0.1' ],
24 silly audit   'set-function-length': [ '1.2.2' ],
24 silly audit   'set-function-name': [ '2.0.2' ],
24 silly audit   'shebang-command': [ '2.0.0' ],
24 silly audit   'shebang-regex': [ '3.0.0' ],
24 silly audit   'side-channel': [ '1.0.6' ],
24 silly audit   'signal-exit': [ '4.1.0' ],
24 silly audit   'snake-case': [ '3.0.4' ],
24 silly audit   'snakecase-keys': [ '5.4.4' ],
24 silly audit   'type-fest': [ '2.19.0', '0.20.2' ],
24 silly audit   sonner: [ '1.5.0' ],
24 silly audit   'source-map-js': [ '1.2.1' ],
24 silly audit   'std-env': [ '3.7.0' ],
24 silly audit   'stop-iteration-iterator': [ '1.0.0' ],
24 silly audit   streamsearch: [ '1.1.0' ],
24 silly audit   'string-width': [ '5.1.2', '4.2.3' ],
24 silly audit   'string.prototype.includes': [ '2.0.1' ],
24 silly audit   'string.prototype.matchall': [ '4.0.11' ],
24 silly audit   'string.prototype.repeat': [ '1.0.0' ],
24 silly audit   'string.prototype.trim': [ '1.2.9' ],
24 silly audit   'string.prototype.trimend': [ '1.0.8' ],
24 silly audit   'string.prototype.trimstart': [ '1.0.8' ],
24 silly audit   'strip-bom': [ '3.0.0' ],
24 silly audit   'strip-json-comments': [ '3.1.1' ],
24 silly audit   'styled-jsx': [ '5.1.1' ],
24 silly audit   sucrase: [ '3.35.0' ],
24 silly audit   'supports-color': [ '7.2.0' ],
24 silly audit   'supports-preserve-symlinks-flag': [ '1.0.0' ],
24 silly audit   swr: [ '2.2.5' ],
24 silly audit   'tailwind-merge': [ '2.5.4' ],
24 silly audit   tailwindcss: [ '3.4.14' ],
24 silly audit   'tailwindcss-animate': [ '1.0.7' ],
24 silly audit   tapable: [ '2.2.1' ],
24 silly audit   'text-table': [ '0.2.0' ],
24 silly audit   thenify: [ '3.3.1' ],
24 silly audit   'thenify-all': [ '1.6.0' ],
24 silly audit   'to-regex-range': [ '5.0.1' ],
24 silly audit   'ts-api-utils': [ '1.3.0' ],
24 silly audit   'ts-interface-checker': [ '0.1.13' ],
24 silly audit   'tsconfig-paths': [ '3.15.0' ],
24 silly audit   tslib: [ '2.4.1' ],
24 silly audit   'type-check': [ '0.4.0' ],
24 silly audit   'typed-array-buffer': [ '1.0.2' ],
24 silly audit   'typed-array-byte-length': [ '1.0.1' ],
24 silly audit   'typed-array-byte-offset': [ '1.0.2' ],
24 silly audit   'typed-array-length': [ '1.0.6' ],
24 silly audit   typescript: [ '5.6.3' ],
24 silly audit   'unbox-primitive': [ '1.0.2' ],
24 silly audit   'undici-types': [ '6.19.8' ],
24 silly audit   'uri-js': [ '4.4.1' ],
24 silly audit   'use-sync-external-store': [ '1.2.2' ],
24 silly audit   'util-deprecate': [ '1.0.2' ],
24 silly audit   which: [ '2.0.2' ],
24 silly audit   'which-boxed-primitive': [ '1.0.2' ],
24 silly audit   'which-builtin-type': [ '1.1.4' ],
24 silly audit   'which-collection': [ '1.0.2' ],
24 silly audit   'which-typed-array': [ '1.1.15' ],
24 silly audit   'word-wrap': [ '1.2.5' ],
24 silly audit   'wrap-ansi': [ '8.1.0', '7.0.0' ],
24 silly audit   wrappy: [ '1.0.2' ],
24 silly audit   yaml: [ '2.6.0' ],
24 silly audit   'yocto-queue': [ '0.1.0' ],
24 silly audit   zod: [ '3.23.8' ],
24 silly audit   '@prisma/client': [ '5.21.1' ]
24 silly audit }
25 verbose reify failed optional dependency E:\password-manager-clerk\node_modules\fsevents
26 silly reify mark deleted [ 'E:\\password-manager-clerk\\node_modules\\fsevents' ]
27 verbose reify failed optional dependency E:\password-manager-clerk\node_modules\@next\swc-win32-ia32-msvc
28 silly reify mark deleted [
28 silly reify   'E:\\password-manager-clerk\\node_modules\\@next\\swc-win32-ia32-msvc'
28 silly reify ]
29 verbose reify failed optional dependency E:\password-manager-clerk\node_modules\@next\swc-win32-arm64-msvc
30 silly reify mark deleted [
30 silly reify   'E:\\password-manager-clerk\\node_modules\\@next\\swc-win32-arm64-msvc'
30 silly reify ]
31 verbose reify failed optional dependency E:\password-manager-clerk\node_modules\@next\swc-linux-x64-musl
32 silly reify mark deleted [
32 silly reify   'E:\\password-manager-clerk\\node_modules\\@next\\swc-linux-x64-musl'
32 silly reify ]
33 verbose reify failed optional dependency E:\password-manager-clerk\node_modules\@next\swc-linux-x64-gnu
34 silly reify mark deleted [
34 silly reify   'E:\\password-manager-clerk\\node_modules\\@next\\swc-linux-x64-gnu'
34 silly reify ]
35 verbose reify failed optional dependency E:\password-manager-clerk\node_modules\@next\swc-linux-arm64-musl
36 silly reify mark deleted [
36 silly reify   'E:\\password-manager-clerk\\node_modules\\@next\\swc-linux-arm64-musl'
36 silly reify ]
37 verbose reify failed optional dependency E:\password-manager-clerk\node_modules\@next\swc-linux-arm64-gnu
38 silly reify mark deleted [
38 silly reify   'E:\\password-manager-clerk\\node_modules\\@next\\swc-linux-arm64-gnu'
38 silly reify ]
39 verbose reify failed optional dependency E:\password-manager-clerk\node_modules\@next\swc-darwin-x64
40 silly reify mark deleted [ 'E:\\password-manager-clerk\\node_modules\\@next\\swc-darwin-x64' ]
41 verbose reify failed optional dependency E:\password-manager-clerk\node_modules\@next\swc-darwin-arm64
42 silly reify mark deleted [ 'E:\\password-manager-clerk\\node_modules\\@next\\swc-darwin-arm64' ]
43 http fetch POST 200 https://registry.npmjs.org/-/npm/v1/security/advisories/bulk 312ms
44 silly audit report {}
45 silly ADD
46 silly ADD
47 silly ADD
48 silly ADD
49 silly ADD
50 silly ADD
51 silly ADD
52 silly ADD
53 silly ADD
54 verbose cwd E:\password-manager-clerk
55 verbose os Windows_NT 10.0.22631
56 verbose node v22.3.0
57 verbose npm  v10.8.1
58 verbose exit 0
59 info ok
